<?xml version="1.0" encoding="UTF-8"?>
<!-- Generated by org.testng.reporters.JUnitXMLReporter -->
<testsuite hostname="SasikumarR" name="case1" tests="4" failures="0" timestamp="23 Jan 2014 11:27:08 GMT" time="0.018" errors="0">
  <testcase name="runTest1" time="0.004" classname="mkyoung.com.TestConfiguration"/>
  <testcase name="runTest2" time="0.0" classname="mkyoung.com.TestConfiguration"/>
  <testcase name="runOtherTest1" time="0.0" classname="mkyoung.com.TestDBConnection"/>
  <testcase name="runOtherTest2" time="0.0" classname="mkyoung.com.TestDBConnection"/>
</testsuite> <!-- case1 -->
